<?xml version="1.0" encoding="UTF-8"?>
<!-- Generated by org.testng.reporters.JUnitReportReporter -->
<testsuite hostname="DESKTOP-HRT9N47" failures="0" tests="2" name="com.SwagLab.SwagLabProject.TestCase" time="8.873" errors="0" timestamp="2026-01-14T14:35:46 IST" skipped="0">
  <testcase classname="com.SwagLab.SwagLabProject.TestCase" name="init" time="8.269"/>
  <testcase classname="com.SwagLab.SwagLabProject.TestCase" name="login" time="0.604"/>
</testsuite> <!-- com.SwagLab.SwagLabProject.TestCase -->
