<?xml version="1.0" encoding="UTF-8"?>
<!-- Generated by org.testng.reporters.JUnitReportReporter -->
<testsuite hostname="DESKTOP-HRT9N47" failures="0" tests="3" name="testCases.NewUserRegistrationTestCase" time="10.796" errors="0" timestamp="2026-01-14T19:54:04 IST" skipped="0">
  <testcase classname="testCases.NewUserRegistrationTestCase" name="chromeSetup" time="8.965"/>
  <testcase classname="testCases.NewUserRegistrationTestCase" name="customerRegistration" time="1.252"/>
  <testcase classname="testCases.NewUserRegistrationTestCase" name="chrometearDown" time="0.579"/>
</testsuite> <!-- testCases.NewUserRegistrationTestCase -->
