<?xml version="1.0" encoding="UTF-8"?>
<!-- Generated by org.testng.reporters.JUnitReportReporter -->
<testsuite hostname="DESKTOP-HRT9N47" failures="0" tests="2" name="testCases.ValidationOfNewUserLogin" time="9.339" errors="0" timestamp="2026-01-16T17:08:49 IST" skipped="0">
  <testcase classname="testCases.ValidationOfNewUserLogin" name="browserSetup" time="8.594"/>
  <testcase classname="testCases.ValidationOfNewUserLogin" name="LoginNewUser" time="0.745"/>
</testsuite> <!-- testCases.ValidationOfNewUserLogin -->
