<?xml version="1.0" encoding="UTF-8"?>
<!-- Generated by org.testng.reporters.JUnitReportReporter -->
<testsuite hostname="DESKTOP-HRT9N47" failures="0" tests="5" name="testCases.HomePageTestCases" time="0.429" errors="0" timestamp="2026-01-20T12:21:42 IST" skipped="0">
  <testcase classname="testCases.HomePageTestCases" name="ShopNowButtonValidation" time="0.197"/>
  <testcase classname="testCases.HomePageTestCases" name="saleMessageValidation" time="0.036"/>
  <testcase classname="testCases.HomePageTestCases" name="electronicTabValidation" time="0.047"/>
  <testcase classname="testCases.HomePageTestCases" name="discountMessage" time="0.087"/>
  <testcase classname="testCases.HomePageTestCases" name="validateSectionTitle" time="0.062"/>
</testsuite> <!-- testCases.HomePageTestCases -->
