<?xml version="1.0" encoding="UTF-8"?>
<testng-results ignored="0" total="3" passed="3" failed="0" skipped="0">
  <reporter-output>
  </reporter-output>
  <suite started-at="2026-01-27T20:05:58 IST" name="Default suite" finished-at="2026-01-27T20:06:19 IST" duration-ms="20702">
    <groups>
    </groups>
    <test started-at="2026-01-27T20:05:58 IST" name="Default test" finished-at="2026-01-27T20:06:19 IST" duration-ms="20702">
      <class name="testCase.TestCase_HomeProductValidation">
        <test-method is-config="true" signature="setup()[pri:0, instance:testCase.TestCase_HomeProductValidation@2cd76f31]" started-at="2026-01-27T20:05:58 IST" name="setup" finished-at="2026-01-27T20:06:04 IST" duration-ms="5202" status="PASS">
          <reporter-output>
          </reporter-output>
        </test-method> <!-- setup -->
        <test-method signature="TC01()[pri:0, instance:testCase.TestCase_HomeProductValidation@2cd76f31]" started-at="2026-01-27T20:06:04 IST" name="TC01" finished-at="2026-01-27T20:06:16 IST" duration-ms="11849" status="PASS">
          <reporter-output>
          </reporter-output>
        </test-method> <!-- TC01 -->
        <test-method signature="TC01_LoginPage()[pri:1, instance:testCase.TestCase_HomeProductValidation@2cd76f31]" started-at="2026-01-27T20:06:16 IST" name="TC01_LoginPage" finished-at="2026-01-27T20:06:16 IST" duration-ms="826" status="PASS">
          <reporter-output>
          </reporter-output>
        </test-method> <!-- TC01_LoginPage -->
        <test-method signature="addTwoMobilesAndValidateCarts(java.lang.String,java.lang.String)[pri:0, instance:testCase.TestCase_HomeProductValidation@2cd76f31]" started-at="2026-01-27T20:06:18 IST" name="addTwoMobilesAndValidateCarts" data-provider="getMobileData" finished-at="2026-01-27T20:06:18 IST" depends-on-methods="testCase.TestCase_HomeProductValidation.TC01_LoginPage" duration-ms="354" status="PASS">
          <params>
            <param index="0">
              <value>
                <![CDATA[Coffee Maker]]>
              </value>
            </param>
            <param index="1">
              <value>
                <![CDATA[Vacuum Cleaner]]>
              </value>
            </param>
          </params>
          <reporter-output>
          </reporter-output>
        </test-method> <!-- addTwoMobilesAndValidateCarts -->
        <test-method is-config="true" signature="tearDown()[pri:0, instance:testCase.TestCase_HomeProductValidation@2cd76f31]" started-at="2026-01-27T20:06:18 IST" name="tearDown" finished-at="2026-01-27T20:06:19 IST" duration-ms="1100" status="PASS">
          <reporter-output>
          </reporter-output>
        </test-method> <!-- tearDown -->
      </class> <!-- testCase.TestCase_HomeProductValidation -->
    </test> <!-- Default test -->
  </suite> <!-- Default suite -->
</testng-results>
