<?xml version="1.0" encoding="UTF-8"?>
<testng-results ignored="0" total="5" passed="5" failed="0" skipped="0">
  <reporter-output>
  </reporter-output>
  <suite started-at="2026-01-20T12:21:32 IST" name="Default suite" finished-at="2026-01-20T12:21:42 IST" duration-ms="9861">
    <groups>
    </groups>
    <test started-at="2026-01-20T12:21:32 IST" name="Default test" finished-at="2026-01-20T12:21:42 IST" duration-ms="9861">
      <class name="testCases.HomePageTestCases">
        <test-method is-config="true" signature="browserSetup()[pri:0, instance:testCases.HomePageTestCases@2362f559]" started-at="2026-01-20T12:21:32 IST" name="browserSetup" finished-at="2026-01-20T12:21:41 IST" duration-ms="8780" status="PASS">
          <reporter-output>
          </reporter-output>
        </test-method> <!-- browserSetup -->
        <test-method signature="ShopNowButtonValidation()[pri:0, instance:testCases.HomePageTestCases@2362f559]" started-at="2026-01-20T12:21:41 IST" name="ShopNowButtonValidation" finished-at="2026-01-20T12:21:41 IST" duration-ms="197" status="PASS">
          <reporter-output>
          </reporter-output>
        </test-method> <!-- ShopNowButtonValidation -->
        <test-method signature="discountMessage()[pri:0, instance:testCases.HomePageTestCases@2362f559]" started-at="2026-01-20T12:21:41 IST" name="discountMessage" finished-at="2026-01-20T12:21:41 IST" duration-ms="87" status="PASS">
          <reporter-output>
          </reporter-output>
        </test-method> <!-- discountMessage -->
        <test-method signature="electronicTabValidation()[pri:0, instance:testCases.HomePageTestCases@2362f559]" started-at="2026-01-20T12:21:41 IST" name="electronicTabValidation" finished-at="2026-01-20T12:21:41 IST" duration-ms="47" status="PASS">
          <reporter-output>
          </reporter-output>
        </test-method> <!-- electronicTabValidation -->
        <test-method signature="saleMessageValidation()[pri:0, instance:testCases.HomePageTestCases@2362f559]" started-at="2026-01-20T12:21:41 IST" name="saleMessageValidation" finished-at="2026-01-20T12:21:41 IST" duration-ms="36" status="PASS">
          <reporter-output>
          </reporter-output>
        </test-method> <!-- saleMessageValidation -->
        <test-method signature="validateSectionTitle()[pri:0, instance:testCases.HomePageTestCases@2362f559]" started-at="2026-01-20T12:21:41 IST" name="validateSectionTitle" finished-at="2026-01-20T12:21:41 IST" duration-ms="62" status="PASS">
          <reporter-output>
          </reporter-output>
        </test-method> <!-- validateSectionTitle -->
        <test-method is-config="true" signature="tearDown()[pri:0, instance:testCases.HomePageTestCases@2362f559]" started-at="2026-01-20T12:21:41 IST" name="tearDown" finished-at="2026-01-20T12:21:42 IST" duration-ms="581" status="PASS">
          <reporter-output>
          </reporter-output>
        </test-method> <!-- tearDown -->
      </class> <!-- testCases.HomePageTestCases -->
    </test> <!-- Default test -->
  </suite> <!-- Default suite -->
</testng-results>
