<?xml version="1.0" encoding="UTF-8"?>
<!-- Generated by org.testng.reporters.JUnitReportReporter -->
<testsuite hostname="DESKTOP-HRT9N47" failures="0" tests="3" name="testCase.TestCase_RegisterPageValidation" time="3.070" errors="0" timestamp="2026-01-26T17:47:22 IST" skipped="0">
  <testcase classname="testCase.TestCase_RegisterPageValidation" name="TC01" time="0.876"/>
  <testcase classname="testCase.TestCase_RegisterPageValidation" name="TC01" time="1.189"/>
  <testcase classname="testCase.TestCase_RegisterPageValidation" name="TC01" time="1.005"/>
</testsuite> <!-- testCase.TestCase_RegisterPageValidation -->
