<?xml version="1.0" encoding="UTF-8"?>
<!-- Generated by org.testng.reporters.JUnitReportReporter -->
<testsuite hostname="DESKTOP-HRT9N47" failures="0" tests="2" name="testCase.TestCase_homePageValidation" time="1.305" errors="0" timestamp="2026-01-27T20:05:27 IST" skipped="0">
  <testcase classname="testCase.TestCase_homePageValidation" name="TC01_shopKartLogoValidation" time="0.434"/>
  <testcase classname="testCase.TestCase_homePageValidation" name="validateProduct" time="0.871"/>
</testsuite> <!-- testCase.TestCase_homePageValidation -->
