<?xml version="1.0" encoding="UTF-8"?>
<!-- Generated by org.testng.reporters.JUnitReportReporter -->
<testsuite hostname="DESKTOP-HRT9N47" failures="0" tests="3" name="testCase.TestCase_mobileProductPageValidation" time="3.378" errors="0" timestamp="2026-01-27T19:23:24 IST" skipped="0">
  <testcase classname="testCase.TestCase_mobileProductPageValidation" name="TC01" time="2.273"/>
  <testcase classname="testCase.TestCase_mobileProductPageValidation" name="addTwoMobilesAndValidateCarts" time="0.396"/>
  <testcase classname="testCase.TestCase_mobileProductPageValidation" name="TC01_LoginPage" time="0.709"/>
</testsuite> <!-- testCase.TestCase_mobileProductPageValidation -->
