<?xml version="1.0" encoding="UTF-8"?>
<!-- Generated by org.testng.reporters.JUnitReportReporter -->
<testsuite hostname="DESKTOP-HRT9N47" failures="0" tests="3" name="testCase.TestCase_HomeProductValidation" time="13.029" errors="0" timestamp="2026-01-27T20:06:19 IST" skipped="0">
  <testcase classname="testCase.TestCase_HomeProductValidation" name="TC01" time="11.849"/>
  <testcase classname="testCase.TestCase_HomeProductValidation" name="addTwoMobilesAndValidateCarts" time="0.354"/>
  <testcase classname="testCase.TestCase_HomeProductValidation" name="TC01_LoginPage" time="0.826"/>
</testsuite> <!-- testCase.TestCase_HomeProductValidation -->
